<?xml version="1.0" encoding="UTF-8"?>
<testng-results ignored="0" total="1" passed="1" failed="0" skipped="0">
  <reporter-output>
  </reporter-output>
  <suite started-at="2022-11-03T00:42:06 IST" name="Default suite" finished-at="2022-11-03T00:42:13 IST" duration-ms="6074">
    <groups>
    </groups>
    <test started-at="2022-11-03T00:42:06 IST" name="Default test" finished-at="2022-11-03T00:42:13 IST" duration-ms="6074">
      <class name="test.SwagLabLogInTest">
        <test-method is-config="true" signature="configureTest()[pri:0, instance:test.SwagLabLogInTest@59309333]" started-at="2022-11-03T00:42:07 IST" name="configureTest" finished-at="2022-11-03T00:42:07 IST" duration-ms="410" status="PASS">
          <reporter-output>
          </reporter-output>
        </test-method> <!-- configureTest -->
        <test-method is-config="true" signature="launchBrowser()[pri:0, instance:test.SwagLabLogInTest@59309333]" started-at="2022-11-03T00:42:07 IST" name="launchBrowser" finished-at="2022-11-03T00:42:11 IST" duration-ms="4201" status="PASS">
          <reporter-output>
          </reporter-output>
        </test-method> <!-- launchBrowser -->
        <test-method signature="SwagLabLogInTestWithValidCredentials()[pri:0, instance:test.SwagLabLogInTest@59309333]" started-at="2022-11-03T00:42:11 IST" name="SwagLabLogInTestWithValidCredentials" finished-at="2022-11-03T00:42:12 IST" duration-ms="593" status="PASS">
          <reporter-output>
          </reporter-output>
        </test-method> <!-- SwagLabLogInTestWithValidCredentials -->
        <test-method is-config="true" signature="getTestResults(org.testng.ITestResult)[pri:0, instance:test.SwagLabLogInTest@59309333]" started-at="2022-11-03T00:42:12 IST" name="getTestResults" finished-at="2022-11-03T00:42:12 IST" duration-ms="18" status="PASS">
          <params>
            <param index="0">
              <value>
                <![CDATA[[TestResult name=SwagLabLogInTestWithValidCredentials status=SUCCESS method=SwagLabLogInTest.SwagLabLogInTestWithValidCredentials()[pri:0, instance:test.SwagLabLogInTest@59309333] output={null}]]]>
              </value>
            </param>
          </params>
          <reporter-output>
          </reporter-output>
        </test-method> <!-- getTestResults -->
        <test-method is-config="true" signature="publishData()[pri:0, instance:test.SwagLabLogInTest@59309333]" started-at="2022-11-03T00:42:12 IST" name="publishData" finished-at="2022-11-03T00:42:13 IST" duration-ms="800" status="PASS">
          <reporter-output>
          </reporter-output>
        </test-method> <!-- publishData -->
      </class> <!-- test.SwagLabLogInTest -->
    </test> <!-- Default test -->
  </suite> <!-- Default suite -->
</testng-results>
